  [1m[35m (597.2ms)[0m  [1m[35mCREATE DATABASE "backend-pega_development" ENCODING = 'unicode'[0m
  ↳ /Users/flatironschool/.rvm/rubies/ruby-2.6.1/lib/ruby/gems/2.6.0/gems/rake-12.3.2/lib/rake/task.rb:273
  [1m[35m (320.5ms)[0m  [1m[35mCREATE DATABASE "backend-pega_test" ENCODING = 'unicode'[0m
  ↳ /Users/flatironschool/.rvm/rubies/ruby-2.6.1/lib/ruby/gems/2.6.0/gems/rake-12.3.2/lib/rake/task.rb:273
  [1m[35m (71.9ms)[0m  [1m[35mCREATE TABLE "schema_migrations" ("version" character varying NOT NULL PRIMARY KEY)[0m
  ↳ /Users/flatironschool/.rvm/rubies/ruby-2.6.1/lib/ruby/gems/2.6.0/gems/rake-12.3.2/lib/rake/task.rb:273
  [1m[35m (44.2ms)[0m  [1m[35mCREATE TABLE "ar_internal_metadata" ("key" character varying NOT NULL PRIMARY KEY, "value" character varying, "created_at" timestamp NOT NULL, "updated_at" timestamp NOT NULL)[0m
  ↳ /Users/flatironschool/.rvm/rubies/ruby-2.6.1/lib/ruby/gems/2.6.0/gems/rake-12.3.2/lib/rake/task.rb:273
  [1m[35m (4.5ms)[0m  [1m[34mSELECT pg_try_advisory_lock(1200026359498513890)[0m
  ↳ /Users/flatironschool/.rvm/rubies/ruby-2.6.1/lib/ruby/gems/2.6.0/gems/rake-12.3.2/lib/rake/task.rb:273
  [1m[35m (3.8ms)[0m  [1m[34mSELECT "schema_migrations"."version" FROM "schema_migrations" ORDER BY "schema_migrations"."version" ASC[0m
  ↳ /Users/flatironschool/.rvm/rubies/ruby-2.6.1/lib/ruby/gems/2.6.0/gems/rake-12.3.2/lib/rake/task.rb:273
Migrating to CreatePeople (20190718140050)
  [1m[35m (42.4ms)[0m  [1m[35mBEGIN[0m
  ↳ /Users/flatironschool/.rvm/rubies/ruby-2.6.1/lib/ruby/gems/2.6.0/gems/rake-12.3.2/lib/rake/task.rb:273
  [1m[35m (34.2ms)[0m  [1m[35mCREATE TABLE "people" ("id" bigserial primary key, "name" character varying, "img_url" character varying, "bio" character varying, "created_at" timestamp NOT NULL, "updated_at" timestamp NOT NULL)[0m
  ↳ db/migrate/20190718140050_create_people.rb:3
  [1m[36mActiveRecord::SchemaMigration Create (12.2ms)[0m  [1m[32mINSERT INTO "schema_migrations" ("version") VALUES ($1) RETURNING "version"[0m  [["version", "20190718140050"]]
  ↳ /Users/flatironschool/.rvm/rubies/ruby-2.6.1/lib/ruby/gems/2.6.0/gems/rake-12.3.2/lib/rake/task.rb:273
  [1m[35m (2.4ms)[0m  [1m[35mCOMMIT[0m
  ↳ /Users/flatironschool/.rvm/rubies/ruby-2.6.1/lib/ruby/gems/2.6.0/gems/rake-12.3.2/lib/rake/task.rb:273
  [1m[36mActiveRecord::InternalMetadata Load (0.9ms)[0m  [1m[34mSELECT  "ar_internal_metadata".* FROM "ar_internal_metadata" WHERE "ar_internal_metadata"."key" = $1 LIMIT $2[0m  [["key", "environment"], ["LIMIT", 1]]
  ↳ /Users/flatironschool/.rvm/rubies/ruby-2.6.1/lib/ruby/gems/2.6.0/gems/rake-12.3.2/lib/rake/task.rb:273
  [1m[35m (0.2ms)[0m  [1m[35mBEGIN[0m
  ↳ /Users/flatironschool/.rvm/rubies/ruby-2.6.1/lib/ruby/gems/2.6.0/gems/rake-12.3.2/lib/rake/task.rb:273
  [1m[36mActiveRecord::InternalMetadata Create (44.5ms)[0m  [1m[32mINSERT INTO "ar_internal_metadata" ("key", "value", "created_at", "updated_at") VALUES ($1, $2, $3, $4) RETURNING "key"[0m  [["key", "environment"], ["value", "development"], ["created_at", "2019-10-30 14:01:03.495707"], ["updated_at", "2019-10-30 14:01:03.495707"]]
  ↳ /Users/flatironschool/.rvm/rubies/ruby-2.6.1/lib/ruby/gems/2.6.0/gems/rake-12.3.2/lib/rake/task.rb:273
  [1m[35m (2.4ms)[0m  [1m[35mCOMMIT[0m
  ↳ /Users/flatironschool/.rvm/rubies/ruby-2.6.1/lib/ruby/gems/2.6.0/gems/rake-12.3.2/lib/rake/task.rb:273
  [1m[35m (0.5ms)[0m  [1m[34mSELECT pg_advisory_unlock(1200026359498513890)[0m
  ↳ /Users/flatironschool/.rvm/rubies/ruby-2.6.1/lib/ruby/gems/2.6.0/gems/rake-12.3.2/lib/rake/task.rb:273
  [1m[35m (2.8ms)[0m  [1m[34mSELECT "schema_migrations"."version" FROM "schema_migrations" ORDER BY "schema_migrations"."version" ASC[0m
  ↳ /Users/flatironschool/.rvm/rubies/ruby-2.6.1/lib/ruby/gems/2.6.0/gems/rake-12.3.2/lib/rake/task.rb:273
  [1m[35m (1.6ms)[0m  [1m[34mSELECT "schema_migrations"."version" FROM "schema_migrations" ORDER BY "schema_migrations"."version" ASC[0m
  ↳ /Users/flatironschool/.rvm/rubies/ruby-2.6.1/lib/ruby/gems/2.6.0/gems/rake-12.3.2/lib/rake/task.rb:273
  [1m[35m (0.2ms)[0m  [1m[35mBEGIN[0m
  ↳ db/seeds.rb:57
  [1m[36mPerson Create (2.9ms)[0m  [1m[32mINSERT INTO "people" ("name", "img_url", "bio", "created_at", "updated_at") VALUES ($1, $2, $3, $4, $5) RETURNING "id"[0m  [["name", "Emma Goldman"], ["img_url", "http://news.infoshop.org/wp-content/uploads/2018/03/emmagoldman.jpg"], ["bio", "Emma Goldman (1869–1940) stands as a major figure in the history of American radicalism and feminism. An influential and well-known anarchist of her day, Goldman was an early advocate of free speech, birth control, women's equality and independence, and union organization. Her criticism of mandatory conscription of young men into the military during World War I led to a two-year imprisonment, followed by her deportation in 1919. For the rest of her life until her death in 1940, she continued to participate in the social and political movements of her age, from the Russian Revolution to the Spanish Civil War."], ["created_at", "2019-10-30 14:01:11.289021"], ["updated_at", "2019-10-30 14:01:11.289021"]]
  ↳ db/seeds.rb:57
  [1m[35m (2.4ms)[0m  [1m[35mCOMMIT[0m
  ↳ db/seeds.rb:57
  [1m[35m (0.2ms)[0m  [1m[35mBEGIN[0m
  ↳ db/seeds.rb:57
  [1m[36mPerson Create (0.5ms)[0m  [1m[32mINSERT INTO "people" ("name", "img_url", "bio", "created_at", "updated_at") VALUES ($1, $2, $3, $4, $5) RETURNING "id"[0m  [["name", "Angela Davis"], ["img_url", "https://s26162.pcdn.co/wp-content/uploads/2017/08/Angela-Davis.jpg"], ["bio", "Educator and activist Angela Davis (1944-) became known for her involvement in a politically charged murder case in the early 1970s. Influenced by her segregated upbringing in Birmingham, Alabama, Davis joined the Black Panthers and an all-black branch of the Communist Party as a young woman. She became a professor at UCLA, but fell out of favor with the administration due to her ties. Davis was charged with aiding the botched escape attempt of imprisoned black radical George Jackson, and served roughly 18 months in jail before her acquittal in 1972. After spending time traveling and lecturing, Davis returned to the classroom as a professor and authored several books."], ["created_at", "2019-10-30 14:01:11.296293"], ["updated_at", "2019-10-30 14:01:11.296293"]]
  ↳ db/seeds.rb:57
  [1m[35m (1.9ms)[0m  [1m[35mCOMMIT[0m
  ↳ db/seeds.rb:57
  [1m[35m (0.2ms)[0m  [1m[35mBEGIN[0m
  ↳ db/seeds.rb:57
  [1m[36mPerson Create (0.4ms)[0m  [1m[32mINSERT INTO "people" ("name", "img_url", "bio", "created_at", "updated_at") VALUES ($1, $2, $3, $4, $5) RETURNING "id"[0m  [["name", "Frida Kahlo"], ["img_url", "https://pixel.nymag.com/imgs/thecut/slideshows/2016/03/frida-kahlo-book/18-frida-kahlo-book-lede.nocrop.w710.h2147483647.2x.jpg"], ["bio", "Frida Kahlo was born on July 6, 1907 in the house of her parents, known as La Casa Azul (The Blue House), in Coyoacan.\nBREAK\nFrida always claimed to be born on 1910, the year of the outbreak of the Mexican revolution, so that people could directly associate her with the modern Mexico.\nBREAK\nThis detail well introduces us to a singular personality, characterized since her childhood by a deep sense of independence and rebellion against ordinary social and moral habits, moved by passion and sensuality, proud of her 'Mexicanidad' and cultural tradition set against the reigning Americanization: everything mixed with a peculiar sense of humour."], ["created_at", "2019-10-30 14:01:11.300352"], ["updated_at", "2019-10-30 14:01:11.300352"]]
  ↳ db/seeds.rb:57
  [1m[35m (2.0ms)[0m  [1m[35mCOMMIT[0m
  ↳ db/seeds.rb:57
  [1m[35m (0.2ms)[0m  [1m[35mBEGIN[0m
  ↳ db/seeds.rb:57
  [1m[36mPerson Create (0.4ms)[0m  [1m[32mINSERT INTO "people" ("name", "img_url", "bio", "created_at", "updated_at") VALUES ($1, $2, $3, $4, $5) RETURNING "id"[0m  [["name", "Voltairine de Cleyre"], ["img_url", "https://upload.wikimedia.org/wikipedia/commons/thumb/5/5a/VoltairinedeCleyre.jpg/220px-VoltairinedeCleyre.jpg"], ["bio", "Voltairine de Cleyre (November 17, 1866 – June 20, 1912) was an American anarchist known for being a prolific writer and speaker who opposed capitalism, the state, marriage, and the domination of religion over sexuality and women's lives. She is often characterized as a major early feminist because of her views.\n  BREAK\n  Born and raised in small towns in Michigan and schooled in a Sarnia, Ontario Catholic convent, de Cleyre began her activist career in the freethought movement. She was initially drawn to individualist anarchism, but evolved through mutualism to what she called anarchism without adjectives, prioritizing a stateless society without the use of force above all else. She was a contemporary of Emma Goldman, with whom she maintained a relationship of respectful disagreement on many issues. Many of her essays were collected in the Selected Works of Voltairine de Cleyre, published posthumously in 1914 by Goldman's magazine Mother Earth."], ["created_at", "2019-10-30 14:01:11.304400"], ["updated_at", "2019-10-30 14:01:11.304400"]]
  ↳ db/seeds.rb:57
  [1m[35m (2.0ms)[0m  [1m[35mCOMMIT[0m
  ↳ db/seeds.rb:57
  [1m[35m (0.2ms)[0m  [1m[35mBEGIN[0m
  ↳ db/seeds.rb:57
  [1m[36mPerson Create (0.4ms)[0m  [1m[32mINSERT INTO "people" ("name", "img_url", "bio", "created_at", "updated_at") VALUES ($1, $2, $3, $4, $5) RETURNING "id"[0m  [["name", "Lucy Parsons"], ["img_url", "http://www.revoltlib.com/image/4/3/j/7/hx16w71.jpg"], ["bio", "Lucy Parsons wouldn't be quiet. She spoke, wrote, and agitated for her political beliefs for seventy years. Even though police sometimes tried to stop her, she insisted on speaking out.\nBREAK\nParsons was a writer and labor organizer. She worked as a dressmaker to help support her family when her husband Albert Parsons was fired because of his involvement with the labor movement. Although he was not present at Haymarket Square when a bomb was thrown that killed a policeman, Albert Parsons was arrested as a conspirator and sentenced to death. She toured the country, speaking out about the unjust trial and trying to win his freedom."], ["created_at", "2019-10-30 14:01:11.308375"], ["updated_at", "2019-10-30 14:01:11.308375"]]
  ↳ db/seeds.rb:57
  [1m[35m (2.0ms)[0m  [1m[35mCOMMIT[0m
  ↳ db/seeds.rb:57
  [1m[35m (0.2ms)[0m  [1m[35mBEGIN[0m
  ↳ db/seeds.rb:57
  [1m[36mPerson Create (0.4ms)[0m  [1m[32mINSERT INTO "people" ("name", "img_url", "bio", "created_at", "updated_at") VALUES ($1, $2, $3, $4, $5) RETURNING "id"[0m  [["name", "Maya Angelou"], ["img_url", "https://timedotcom.files.wordpress.com/2015/11/maya-angelou-4.jpg"], ["bio", "Poet and novelist Maya Angelou-born Marguerite Johnson-is born in St. Louis, Missouri. Her parents divorced when she was three, and she and her brother went to live with their grandmother in Stamps, Arkansas. When she was eight, she was raped by her mother’s boyfriend. When she revealed what happened, her uncles kicked the culprit to death. Frightened by the power of her own tongue, Angelou chose not to speak for the next five years.\nBREAK\nFrom this quiet beginning emerged a young woman who sang, danced, and recorded poetry. After moving to San Francisco with her mother and brother in 1940, Angelou began taking dance lessons, eventually auditioning for professional theater. However, her plans were put on hold when she had a son at age 16. She moved to San Diego, worked as a nightclub waitress, tangled with drugs and prostitution and danced in a strip club. Ironically, the strip club saved her career: She was discovered there by a theater group."], ["created_at", "2019-10-30 14:01:11.312423"], ["updated_at", "2019-10-30 14:01:11.312423"]]
  ↳ db/seeds.rb:57
  [1m[35m (2.0ms)[0m  [1m[35mCOMMIT[0m
  ↳ db/seeds.rb:57
  [1m[35m (0.1ms)[0m  [1m[35mBEGIN[0m
  ↳ db/seeds.rb:57
  [1m[36mPerson Create (0.5ms)[0m  [1m[32mINSERT INTO "people" ("name", "img_url", "bio", "created_at", "updated_at") VALUES ($1, $2, $3, $4, $5) RETURNING "id"[0m  [["name", "Harriet Tubman"], ["img_url", "https://mediad.publicbroadcasting.net/p/shared/npr/styles/x_large/nprshared/201805/474988643.jpg"], ["bio", "Born into slavery in Maryland, Harriet Tubman (c. 1820 to March 10, 1913) escaped to freedom in the North in 1849 to become the most famous 'conductor' on the Underground Railroad. Tubman risked her life to lead hundreds of family members and other slaves from the plantation system to freedom on this elaborate secret network of safe houses. A leading abolitionist before the American Civil War, Tubman also helped the Union Army during the war, working as a spy among other roles. \nBREAK\nAfter the Civil War ended, Tubman dedicated her life to helping impoverished former slaves and the elderly. In honor of her life and by popular demand, in 2016, the U.S. Treasury Department announced that Harriet Tubman will replace Andrew Jackson on the center of a new $20 bill."], ["created_at", "2019-10-30 14:01:11.316428"], ["updated_at", "2019-10-30 14:01:11.316428"]]
  ↳ db/seeds.rb:57
  [1m[35m (2.0ms)[0m  [1m[35mCOMMIT[0m
  ↳ db/seeds.rb:57
  [1m[35m (0.1ms)[0m  [1m[35mBEGIN[0m
  ↳ db/seeds.rb:57
  [1m[36mPerson Create (0.4ms)[0m  [1m[32mINSERT INTO "people" ("name", "img_url", "bio", "created_at", "updated_at") VALUES ($1, $2, $3, $4, $5) RETURNING "id"[0m  [["name", "Ursula K. Le Guin"], ["img_url", "https://media.newyorker.com/photos/5a6a04c099adb40acb9a023d/master/w_727,c_limit/Phillips-Ursula-K-LeGuin.jpg"], ["bio", "Ursula K Le Guin was born in 1929 in Berkeley, California to an artistically and intellectually vibrant home. She struggled initially to be published in the mainstream fiction world, but her first three novels, Rocannon's World, Planet of Exile and City of Illusions, put her on the sci-fi map. In 2008, 40 years later, Le Guin made literary news with Lavinia, a metatextual examination of a minor character from Virgil's Aeneid. Le Guin was also widely known for her globally popular Earthsea fantasy series. She wrote essays on fantasy fiction and feminist issues as well, and was awarded the Living Legend Medal by the Library of Congress, among a plethora of career honors. Le Guin died at her home in Portland, Oregon, on January 22, 2018, at age 88."], ["created_at", "2019-10-30 14:01:11.320286"], ["updated_at", "2019-10-30 14:01:11.320286"]]
  ↳ db/seeds.rb:57
  [1m[35m (1.9ms)[0m  [1m[35mCOMMIT[0m
  ↳ db/seeds.rb:57
  [1m[35m (0.1ms)[0m  [1m[35mBEGIN[0m
  ↳ db/seeds.rb:57
  [1m[36mPerson Create (0.7ms)[0m  [1m[32mINSERT INTO "people" ("name", "img_url", "bio", "created_at", "updated_at") VALUES ($1, $2, $3, $4, $5) RETURNING "id"[0m  [["name", "Marsha P. Johnson"], ["img_url", "https://www.advocate.com/sites/advocate.com/files/2017/05/08/marsha-p-johnsonx750.jpg"], ["bio", "Marsha P. Johnson was a transwoman who became an important face to the gay, lesbian, bisexual, and transgender community in New York City. She was recognized by being herself and fearing no judgment of the harassment and ridicule of dressing and living as a woman, while having the masculine features of a man. The hardships of a transgender individual were nothing new to Marsha who herself was living on the streets of New York without a permanent home or financial and living arrangements. This tended to be a normal struggle of transgender individuals. Marsha P. Johnson felt these people who wanted nothing more than to be their selves deserved support from the growing LGBT community in New York. Along with fellow transgender activist Sylvia Rivera she founded the Street Transvestite (now Transgender) Action Revolutionaries (STAR) to help others out there facing the struggles of an unaccepting society."], ["created_at", "2019-10-30 14:01:11.324235"], ["updated_at", "2019-10-30 14:01:11.324235"]]
  ↳ db/seeds.rb:57
  [1m[35m (2.0ms)[0m  [1m[35mCOMMIT[0m
  ↳ db/seeds.rb:57
  [1m[35m (0.2ms)[0m  [1m[35mBEGIN[0m
  ↳ db/seeds.rb:57
  [1m[36mPerson Create (0.4ms)[0m  [1m[32mINSERT INTO "people" ("name", "img_url", "bio", "created_at", "updated_at") VALUES ($1, $2, $3, $4, $5) RETURNING "id"[0m  [["name", "Audre Lorde"], ["img_url", "https://blackartstory.files.wordpress.com/2018/02/2017_39_audre_lorde.jpg?w=663"], ["bio", "Audre Lorde (February 18, 1934 – November 17, 1992) was an American writer, feminist, womanist, librarian, and civil rights activist. As a poet, she is best known for technical mastery and emotional expression, as well as her poems that express anger and outrage at civil and social injustices she observed throughout her life.[1] Her poems and prose largely deal with issues related to civil rights, feminism, lesbianism, and the exploration of black female identity.\nBREAK\nIn relation to non-intersectional feminism in the United States, Lorde famously said, 'those of us who stand outside the circle of this society's definition of acceptable women; those of us who have been forged in the crucibles of difference – those of us who are poor, who are lesbians, who are Black, who are older – know that survival is not an academic skill. It is learning how to take our differences and make them strengths. For the master's tools will never dismantle the master's house. They may allow us temporarily to beat him at his own game, but they will never enable us to bring about genuine change. And this fact is only threatening to those women who still define the master's house as their only source of support.'"], ["created_at", "2019-10-30 14:01:11.328510"], ["updated_at", "2019-10-30 14:01:11.328510"]]
  ↳ db/seeds.rb:57
  [1m[35m (2.1ms)[0m  [1m[35mCOMMIT[0m
  ↳ db/seeds.rb:57
  [1m[35m (0.3ms)[0m  [1m[35mBEGIN[0m
  ↳ db/seeds.rb:57
  [1m[36mPerson Create (0.5ms)[0m  [1m[32mINSERT INTO "people" ("name", "img_url", "bio", "created_at", "updated_at") VALUES ($1, $2, $3, $4, $5) RETURNING "id"[0m  [["name", "Sojourner Truth"], ["img_url", "https://www.tenement.org/wp-content/uploads/Sojouner-Truth-2.14.jpg"], ["bio", "Sojourner Truth was an African American evangelist, abolitionist, women’s rights activist and author who lived a miserable life as a slave, serving several masters throughout New York before escaping to freedom in 1826. After gaining her freedom, Truth became a Christian and, at what she believed was God’s urging, preached about abolitionism and equal rights for all, highlighted in her stirring “Ain’t I a Woman?” speech, delivered at a women’s convention in Ohio in 1851. She continued her crusade for the rest of her life, earning an audience with President Abraham Lincoln and becoming one of the world’s best-known human rights crusaders."], ["created_at", "2019-10-30 14:01:11.332949"], ["updated_at", "2019-10-30 14:01:11.332949"]]
  ↳ db/seeds.rb:57
  [1m[35m (2.1ms)[0m  [1m[35mCOMMIT[0m
  ↳ db/seeds.rb:57
  [1m[35m (0.1ms)[0m  [1m[35mBEGIN[0m
  ↳ db/seeds.rb:57
  [1m[36mPerson Create (0.5ms)[0m  [1m[32mINSERT INTO "people" ("name", "img_url", "bio", "created_at", "updated_at") VALUES ($1, $2, $3, $4, $5) RETURNING "id"[0m  [["name", "bell hooks"], ["img_url", "http://goldengatexpress.org/home/wp-content/uploads/2017/02/Copy-of-DSC_0224.jpg"], ["bio", "bell hooks is an acclaimed intellectual, feminist theorist, cultural critic, artist, and writer. hooks has authored over three dozen books and has published works that span several genres, including cultural criticism, personal memoirs, poetry collections, and children's books. Her writings cover topics of gender, race, class, spirituality, teaching, and the significance of media in contemporary culture. \nBREAK\nBorn Gloria Jean Watkins in Hopkinsville, Kentucky, bell hooks adopted the pen name of her maternal great-grandmother, a woman known for speaking her mind. hooks received her B.A. from Stanford University, her M.A. from the University of Wisconsin and her Ph.D. from the University of California, Santa Cruz. Her books include, Ain't I a Woman: Black Women and Feminism, Rock My Soul: Black People and Self-Esteem, Teaching to Transgress: Education as the Practice of Freedom, Feminism Is for Everybody: Passionate Politics, Teaching Community: A Pedagogy of Hope, Where We Stand: Class Matters, and We Real Cool: Black Men and Masculinity."], ["created_at", "2019-10-30 14:01:11.337165"], ["updated_at", "2019-10-30 14:01:11.337165"]]
  ↳ db/seeds.rb:57
  [1m[35m (2.1ms)[0m  [1m[35mCOMMIT[0m
  ↳ db/seeds.rb:57
